\BOOKMARK [0][-]{chapter*.3}{Introduction}{}% 1
\BOOKMARK [0][-]{chapter.1}{Capability Requirements}{}% 2
\BOOKMARK [1][-]{section.1.1}{Key Performance Parameters}{chapter.1}% 3
\BOOKMARK [2][-]{subsection.1.1.1}{KPP 1. Develop Spending Breakdown}{section.1.1}% 4
\BOOKMARK [2][-]{subsection.1.1.2}{KPP 2. Analyze Historical Spending Trends}{section.1.1}% 5
\BOOKMARK [2][-]{subsection.1.1.3}{KPP 3. Allocate Checking and Savings Accounts}{section.1.1}% 6
\BOOKMARK [2][-]{subsection.1.1.4}{KPP 4. Allocate Paycheck Info}{section.1.1}% 7
\BOOKMARK [2][-]{subsection.1.1.5}{KPP 5. Deduct Planned Expenses}{section.1.1}% 8
\BOOKMARK [2][-]{subsection.1.1.6}{KPP 6. Deduct Bills}{section.1.1}% 9
\BOOKMARK [2][-]{subsection.1.1.7}{KPP 7. Monte Carlo Method}{section.1.1}% 10
\BOOKMARK [1][-]{section.1.2}{Key Software Attributes}{chapter.1}% 11
\BOOKMARK [2][-]{subsection.1.2.1}{KSA 1. Testing}{section.1.2}% 12
\BOOKMARK [2][-]{subsection.1.2.2}{KSA 2. Evolvability}{section.1.2}% 13
\BOOKMARK [1][-]{section.1.3}{Additional Performance Parameters}{chapter.1}% 14
\BOOKMARK [2][-]{subsection.1.3.1}{APP 1. Graphical Probability Distribution Functions}{section.1.3}% 15
\BOOKMARK [2][-]{subsection.1.3.2}{APP 2. Graphical Cumulative Distribution Functions}{section.1.3}% 16
\BOOKMARK [0][-]{chapter.2}{Performance Requirements}{}% 17
\BOOKMARK [1][-]{section.2.1}{Input Files}{chapter.2}% 18
\BOOKMARK [2][-]{subsection.2.1.1}{RunOptions File}{section.2.1}% 19
\BOOKMARK [2][-]{subsection.2.1.2}{Daily Expenses File}{section.2.1}% 20
\BOOKMARK [2][-]{subsection.2.1.3}{Total Expenses File}{section.2.1}% 21
\BOOKMARK [2][-]{subsection.2.1.4}{Deductions File}{section.2.1}% 22
\BOOKMARK [2][-]{subsection.2.1.5}{Bills File}{section.2.1}% 23
\BOOKMARK [2][-]{subsection.2.1.6}{Planned Expenses File}{section.2.1}% 24
\BOOKMARK [2][-]{subsection.2.1.7}{PDF Files}{section.2.1}% 25
\BOOKMARK [2][-]{subsection.2.1.8}{CDF Files}{section.2.1}% 26
\BOOKMARK [1][-]{section.2.2}{Pre-processor}{chapter.2}% 27
\BOOKMARK [2][-]{subsection.2.2.1}{Distributions Pre-processor}{section.2.2}% 28
\BOOKMARK [2][-]{subsection.2.2.2}{Monte Carlo Pre-processor}{section.2.2}% 29
\BOOKMARK [1][-]{section.2.3}{Requirements Maping}{chapter.2}% 30
